nohup: ignoring input
Starting Nitro dev node...
WARN [11-12|19:44:25.784] Chain info field parent-chain-is-arbitrum is missing, in the future this will be required chainId=412,346 parentChainId=0
INFO [11-12|19:44:25.792] created jwt file                         filename=/home/user/.arbitrum/jwtsecret
INFO [11-12|19:44:25.793] Running Arbitrum nitro node              revision=v3.2.1-d81324d vcs.time=2024-09-24T10:12:36-05:00
INFO [11-12|19:44:25.793] Defaulting to pebble as the backing database
INFO [11-12|19:44:25.793] Allocated cache and file handles         database=/tmp/dev-test/nitro/l2chaindata cache=16.00MiB handles=16
INFO [11-12|19:44:25.793] Defaulting to pebble as the backing database
INFO [11-12|19:44:25.793] Allocated cache and file handles         database=/tmp/dev-test/nitro/l2chaindata cache=2.00GiB handles=512
INFO [11-12|19:44:25.803] Opened ancient database                  database=/tmp/dev-test/nitro/l2chaindata/ancient/chain readonly=false
INFO [11-12|19:44:25.803] Defaulting to pebble as the backing database
INFO [11-12|19:44:25.803] Allocated cache and file handles         database=/tmp/dev-test/nitro/wasm cache=2.00GiB handles=512
INFO [11-12|19:44:25.808] State scheme set by user                 scheme=hash
INFO [11-12|19:44:25.809] Setting codehash position in rebuilding of wasm store to done
INFO [11-12|19:44:25.809] Initializing                             ancients=0 genesisBlockNr=0
WARN [11-12|19:44:25.809] Created fake init message as L1Reader is disabled and serialized chain config from init message is not available json="{\"chainId\":412346,\"homesteadBlock\":0,\"daoForkSupport\":true,\"eip150Block\":0,\"eip155Block\":0,\"eip158Block\":0,\"byzantiumBlock\":0,\"constantinopleBlock\":0,\"petersburgBlock\":0,\"istanbulBlock\":0,\"muirGlacierBlock\":0,\"berlinBlock\":0,\"londonBlock\":0,\"clique\":{\"period\":0,\"epoch\":0},\"arbitrum\":{\"EnableArbOS\":true,\"AllowDebugPrecompiles\":true,\"DataAvailabilityCommittee\":false,\"InitialArbOSVersion\":32,\"InitialChainOwner\":\"0x0000000000000000000000000000000000000000\",\"GenesisBlockNum\":0}}"
ERROR[11-12|19:44:25.809] Zero state root hash!
ERROR[11-12|19:44:25.809] Zero state root hash!
INFO [11-12|19:44:25.809] addresss table import complete
INFO [11-12|19:44:25.809] retryables import complete
INFO [11-12|19:44:25.811] Persisted trie from memory database      nodes=82 size=9.33KiB time=1.101207ms gcnodes=0 gcsize=0.00B gctime=0s livenodes=0 livesize=0.00B
INFO [11-12|19:44:25.812] Persisted trie from memory database      nodes=4  size=806.00B time="527.583µs" gcnodes=0 gcsize=0.00B gctime=0s livenodes=0 livesize=0.00B
INFO [11-12|19:44:25.816] wrote genesis block                      number=0 hash=ada78e..915675
INFO [11-12|19:44:25.818] 
INFO [11-12|19:44:25.818] ---------------------------------------------------------------------------------------------------------------------------------------------------------
INFO [11-12|19:44:25.818] Chain ID:  412346 (unknown)
INFO [11-12|19:44:25.818] Consensus: Clique (proof-of-authority)
INFO [11-12|19:44:25.818] 
INFO [11-12|19:44:25.818] Pre-Merge hard forks (block based):
INFO [11-12|19:44:25.818]  - Homestead:                   #0        (https://github.com/ethereum/execution-specs/blob/master/network-upgrades/mainnet-upgrades/homestead.md)
INFO [11-12|19:44:25.818]  - Tangerine Whistle (EIP 150): #0        (https://github.com/ethereum/execution-specs/blob/master/network-upgrades/mainnet-upgrades/tangerine-whistle.md)
INFO [11-12|19:44:25.818]  - Spurious Dragon/1 (EIP 155): #0        (https://github.com/ethereum/execution-specs/blob/master/network-upgrades/mainnet-upgrades/spurious-dragon.md)
INFO [11-12|19:44:25.818]  - Spurious Dragon/2 (EIP 158): #0        (https://github.com/ethereum/execution-specs/blob/master/network-upgrades/mainnet-upgrades/spurious-dragon.md)
INFO [11-12|19:44:25.818]  - Byzantium:                   #0        (https://github.com/ethereum/execution-specs/blob/master/network-upgrades/mainnet-upgrades/byzantium.md)
INFO [11-12|19:44:25.818]  - Constantinople:              #0        (https://github.com/ethereum/execution-specs/blob/master/network-upgrades/mainnet-upgrades/constantinople.md)
INFO [11-12|19:44:25.818]  - Petersburg:                  #0        (https://github.com/ethereum/execution-specs/blob/master/network-upgrades/mainnet-upgrades/petersburg.md)
INFO [11-12|19:44:25.818]  - Istanbul:                    #0        (https://github.com/ethereum/execution-specs/blob/master/network-upgrades/mainnet-upgrades/istanbul.md)
INFO [11-12|19:44:25.818]  - Muir Glacier:                #0        (https://github.com/ethereum/execution-specs/blob/master/network-upgrades/mainnet-upgrades/muir-glacier.md)
INFO [11-12|19:44:25.818]  - Berlin:                      #0        (https://github.com/ethereum/execution-specs/blob/master/network-upgrades/mainnet-upgrades/berlin.md)
INFO [11-12|19:44:25.818]  - London:                      #0        (https://github.com/ethereum/execution-specs/blob/master/network-upgrades/mainnet-upgrades/london.md)
INFO [11-12|19:44:25.818] 
INFO [11-12|19:44:25.818] The Merge is not yet available for this network!
INFO [11-12|19:44:25.818]  - Hard-fork specification: https://github.com/ethereum/execution-specs/blob/master/network-upgrades/mainnet-upgrades/paris.md
INFO [11-12|19:44:25.818] 
INFO [11-12|19:44:25.818] Post-Merge hard forks (timestamp based):
INFO [11-12|19:44:25.818] 
INFO [11-12|19:44:25.818] ---------------------------------------------------------------------------------------------------------------------------------------------------------
INFO [11-12|19:44:25.818] 
INFO [11-12|19:44:25.818] Loaded most recent local block           number=0 hash=ada78e..915675 td=1 age=56y8mo4d
WARN [11-12|19:44:25.818] Failed to load snapshot                  err="missing or corrupted snapshot"
INFO [11-12|19:44:25.819] Rebuilding state snapshot
INFO [11-12|19:44:25.820] Initialized transaction indexer          range="last 126230400 blocks"
INFO [11-12|19:44:25.820] Resuming state snapshot generation       root=ea1bc4..eabb0d accounts=0 slots=0 storage=0.00B dangling=0 elapsed="736.624µs"
INFO [11-12|19:44:25.820] Setting rebuilding of wasm store to done
INFO [11-12|19:44:25.820] Generated state snapshot                 accounts=18 slots=43 storage=4.56KiB dangling=0 elapsed=1.541ms
INFO [11-12|19:44:25.821] Defaulting to pebble as the backing database
INFO [11-12|19:44:25.821] Allocated cache and file handles         database=/tmp/dev-test/nitro/arbitrumdata cache=16.00MiB handles=16
WARN [11-12|19:44:25.825] sequencer enabled without l1 client
INFO [11-12|19:44:25.827] Starting peer-to-peer node               instance=nitro/v3.2.1-d81324d/linux-amd64/go1.21.10
WARN [11-12|19:44:25.827] P2P server will be useless, neither dialing nor listening
INFO [11-12|19:44:25.831] HTTP server started                      endpoint=[::]:8547 auth=false prefix= cors=* vhosts=localhost
INFO [11-12|19:44:25.832] New local node record                    seq=1,762,976,665,831 id=b7513dc25c6c10ec ip=127.0.0.1 udp=0 tcp=0
INFO [11-12|19:44:25.832] Started P2P networking                   self=enode://4a76a5680a26723ed206687bf80ee842013ee048bd36b1ebc95b2261699c9afcfd9043a9e18ed3a9e51dd7c20dc89f6db61d13253e044bcac3476edb2f20b53d@127.0.0.1:0
INFO [11-12|19:45:15.321] shutting down because of sigint
INFO [11-12|19:45:15.321] HTTP server stopped                      endpoint=[::]:8547
INFO [11-12|19:45:15.323] Writing snapshot state to disk           root=ea1bc4..eabb0d
INFO [11-12|19:45:15.323] Persisted trie from memory database      nodes=0  size=0.00B   time="2.555µs"   gcnodes=0 gcsize=0.00B gctime=0s livenodes=0 livesize=0.00B
INFO [11-12|19:45:15.323] Blockchain stopped
